#
# There is insufficient memory for the Java Runtime Environment to continue.
# Native memory allocation (mmap) failed to map 188743680 bytes for committing reserved memory.
# Possible reasons:
#   The system is out of physical RAM or swap space
#   In 32 bit mode, the process size limit was hit
# Possible solutions:
#   Reduce memory load on the system
#   Increase physical memory or swap space
#   Check if swap backing store is full
#   Use 64 bit Java on a 64 bit OS
#   Decrease Java heap size (-Xmx/-Xms)
#   Decrease number of Java threads
#   Decrease Java thread stack sizes (-Xss)
#   Set larger code cache with -XX:ReservedCodeCacheSize=
# This output file may be truncated or incomplete.
#
#  Out of Memory Error (os_linux.cpp:2746), pid=12525, tid=0x00007fdb94f7c700
#
# JRE version: OpenJDK Runtime Environment (8.0_191-b12) (build 1.8.0_191-8u191-b12-2ubuntu0.16.04.1-b12)
# Java VM: OpenJDK 64-Bit Server VM (25.191-b12 mixed mode linux-amd64 compressed oops)
# Failed to write core dump. Core dumps have been disabled. To enable core dumping, try "ulimit -c unlimited" before starting Java again
#

---------------  T H R E A D  ---------------

Current thread (0x00007fdba807d800):  VMThread [stack: 0x00007fdb94e7d000,0x00007fdb94f7d000] [id=12535]

Stack: [0x00007fdb94e7d000,0x00007fdb94f7d000],  sp=0x00007fdb94f7b440,  free space=1017k
Native frames: (J=compiled Java code, j=interpreted, Vv=VM code, C=native code)
V  [libjvm.so+0xa7414b]
V  [libjvm.so+0x4c8ebc]
V  [libjvm.so+0x8c0c98]
V  [libjvm.so+0x8b82ce]
V  [libjvm.so+0x936566]
V  [libjvm.so+0x937893]
V  [libjvm.so+0x933f5b]
V  [libjvm.so+0x92cd89]
V  [libjvm.so+0x44ced3]
V  [libjvm.so+0xa756d9]
V  [libjvm.so+0xa7af97]
V  [libjvm.so+0xa78697]
V  [libjvm.so+0xa79b1f]
V  [libjvm.so+0xa7a011]
V  [libjvm.so+0x8be002]

VM_Operation (0x00007fdb8c3ba220): CollectForMetadataAllocation, mode: safepoint, requested by thread 0x00007fdba8f82800


---------------  P R O C E S S  ---------------

Java Threads: ( => current thread )
  0x00007fdba8fa3000 JavaThread "CleanCursors-1-thread-1" daemon [_thread_blocked, id=12556, stack(0x00007fdb876ff000,0x00007fdb87800000)]
  0x00007fdba8f82800 JavaThread "cluster-ClusterId{value='5c7550fa0d898430ed807d8f', description='null'}-51.68.71.91:43975" daemon [_thread_blocked, id=12555, stack(0x00007fdb8c2bc000,0x00007fdb8c3bd000)]
  0x00007fdb5404a800 JavaThread "process reaper" daemon [_thread_blocked, id=12548, stack(0x00007fdb8fc16000,0x00007fdb8fc4f000)]
  0x00007fdba81d5000 JavaThread "ping-30s" daemon [_thread_blocked, id=12545, stack(0x00007fdb8feff000,0x00007fdb90000000)]
  0x00007fdba81c6000 JavaThread "surefire-forkedjvm-command-thread" daemon [_thread_in_native, id=12544, stack(0x00007fdb9428d000,0x00007fdb9438e000)]
  0x00007fdba80cd800 JavaThread "Service Thread" daemon [_thread_blocked, id=12542, stack(0x00007fdb9448f000,0x00007fdb94590000)]
  0x00007fdba80c2800 JavaThread "C1 CompilerThread2" daemon [_thread_blocked, id=12541, stack(0x00007fdb94591000,0x00007fdb94691000)]
  0x00007fdba80c0800 JavaThread "C2 CompilerThread1" daemon [_thread_blocked, id=12540, stack(0x00007fdb94692000,0x00007fdb94792000)]
  0x00007fdba80bd800 JavaThread "C2 CompilerThread0" daemon [_thread_blocked, id=12539, stack(0x00007fdb94793000,0x00007fdb94893000)]
  0x00007fdba80bc000 JavaThread "Signal Dispatcher" daemon [_thread_blocked, id=12538, stack(0x00007fdb94893000,0x00007fdb94994000)]
  0x00007fdba8089800 JavaThread "Finalizer" daemon [_thread_blocked, id=12537, stack(0x00007fdb94c7a000,0x00007fdb94d7b000)]
  0x00007fdba8087000 JavaThread "Reference Handler" daemon [_thread_blocked, id=12536, stack(0x00007fdb94d7b000,0x00007fdb94e7c000)]
  0x00007fdba800f800 JavaThread "main" [_thread_blocked, id=12528, stack(0x00007fdbaf0f8000,0x00007fdbaf1f8000)]

Other Threads:
=>0x00007fdba807d800 VMThread [stack: 0x00007fdb94e7d000,0x00007fdb94f7d000] [id=12535]
  0x00007fdba80d0000 WatcherThread [stack: 0x00007fdb9438f000,0x00007fdb9448f000] [id=12543]

VM state:at safepoint (normal execution)

VM Mutex/Monitor currently owned by a thread:  ([mutex/lock_event])
[0x00007fdba800c0c0] Threads_lock - owner thread: 0x00007fdba807d800
[0x00007fdba800c5c0] Heap_lock - owner thread: 0x00007fdba8f82800

Heap:
 PSYoungGen      total 248320K, used 14313K [0x00000000d7000000, 0x00000000e7a00000, 0x0000000100000000)
  eden space 233984K, 0% used [0x00000000d7000000,0x00000000d7000000,0x00000000e5480000)
  from space 14336K, 99% used [0x00000000e5e00000,0x00000000e6bfa480,0x00000000e6c00000)
  to   space 9216K, 0% used [0x00000000e7100000,0x00000000e7100000,0x00000000e7a00000)
 ParOldGen       total 45568K, used 12590K [0x0000000085000000, 0x0000000087c80000, 0x00000000d7000000)
  object space 45568K, 27% used [0x0000000085000000,0x0000000085c4bbe0,0x0000000087c80000)
 Metaspace       used 34732K, capacity 35958K, committed 36048K, reserved 1081344K
  class space    used 4422K, capacity 4711K, committed 4736K, reserved 1048576K

Card table byte_map: [0x00007fdbae2b9000,0x00007fdbae692000] byte_map_base: 0x00007fdbade91000

Marking Bits: (ParMarkBitMap*) 0x00007fdbb0844520
 Begin Bits: [0x00007fdb95280000, 0x00007fdb97140000)
 End Bits:   [0x00007fdb97140000, 0x00007fdb99000000)

Polling page: 0x00007fdbb0c7e000

CodeCache: size=245760Kb used=12245Kb max_used=12257Kb free=233514Kb
 bounds [0x00007fdb99000000, 0x00007fdb99c00000, 0x00007fdba8000000]
 total_blobs=3949 nmethods=3539 adapters=324
 compilation: enabled

Compilation events (10 events):
Event: 2,517 Thread 0x00007fdba80c2800 nmethod 3540 0x00007fdb99bf9890 code [0x00007fdb99bf9a00, 0x00007fdb99bf9ce8]
Event: 2,517 Thread 0x00007fdba80c2800 3541       3       org.bson.io.OutputBuffer::write (6 bytes)
Event: 2,517 Thread 0x00007fdba80c2800 nmethod 3541 0x00007fdb99bf9490 code [0x00007fdb99bf9600, 0x00007fdb99bf9808]
Event: 2,518 Thread 0x00007fdba80c0800 3542       4       java.lang.String::regionMatches (149 bytes)
Event: 2,532 Thread 0x00007fdba80c0800 nmethod 3542 0x00007fdb99bfc7d0 code [0x00007fdb99bfc9a0, 0x00007fdb99bfd358]
Event: 2,536 Thread 0x00007fdba80c0800 3543   !   4       java.util.AbstractList$Itr::next (45 bytes)
Event: 2,537 Thread 0x00007fdba80c0800 nmethod 3543 0x00007fdb99bf7a50 code [0x00007fdb99bf7bc0, 0x00007fdb99bf7d98]
Event: 2,543 Thread 0x00007fdba80c0800 3544       4       sun.reflect.generics.parser.SignatureParser::parseIdentifier (115 bytes)
Event: 2,544 Thread 0x00007fdba80c2800 3547       1       org.springframework.beans.factory.config.InstantiationAwareBeanPostProcessorAdapter::postProcessAfterInstantiation (2 bytes)
Event: 2,544 Thread 0x00007fdba80c2800 nmethod 3547 0x00007fdb99bf91d0 code [0x00007fdb99bf9320, 0x00007fdb99bf9430]

GC Heap History (10 events):
Event: 0,929 GC heap after
Heap after GC invocations=3 (full 0):
 PSYoungGen      total 68608K, used 5105K [0x00000000d7000000, 0x00000000df600000, 0x0000000100000000)
  eden space 63488K, 0% used [0x00000000d7000000,0x00000000d7000000,0x00000000dae00000)
  from space 5120K, 99% used [0x00000000dae00000,0x00000000db2fc558,0x00000000db300000)
  to   space 5120K, 0% used [0x00000000df100000,0x00000000df100000,0x00000000df600000)
 ParOldGen       total 84992K, used 4524K [0x0000000085000000, 0x000000008a300000, 0x00000000d7000000)
  object space 84992K, 5% used [0x0000000085000000,0x000000008546b138,0x000000008a300000)
 Metaspace       used 20112K, capacity 20694K, committed 20992K, reserved 1067008K
  class space    used 2537K, capacity 2693K, committed 2816K, reserved 1048576K
}
Event: 0,944 GC heap before
{Heap before GC invocations=4 (full 0):
 PSYoungGen      total 68608K, used 9709K [0x00000000d7000000, 0x00000000df600000, 0x0000000100000000)
  eden space 63488K, 7% used [0x00000000d7000000,0x00000000d747f150,0x00000000dae00000)
  from space 5120K, 99% used [0x00000000dae00000,0x00000000db2fc558,0x00000000db300000)
  to   space 5120K, 0% used [0x00000000df100000,0x00000000df100000,0x00000000df600000)
 ParOldGen       total 84992K, used 4524K [0x0000000085000000, 0x000000008a300000, 0x00000000d7000000)
  object space 84992K, 5% used [0x0000000085000000,0x000000008546b138,0x000000008a300000)
 Metaspace       used 20591K, capacity 21188K, committed 21504K, reserved 1069056K
  class space    used 2577K, capacity 2730K, committed 2816K, reserved 1048576K
Event: 0,949 GC heap after
Heap after GC invocations=4 (full 0):
 PSYoungGen      total 132096K, used 5049K [0x00000000d7000000, 0x00000000df600000, 0x0000000100000000)
  eden space 126976K, 0% used [0x00000000d7000000,0x00000000d7000000,0x00000000dec00000)
  from space 5120K, 98% used [0x00000000df100000,0x00000000df5ee680,0x00000000df600000)
  to   space 5120K, 0% used [0x00000000dec00000,0x00000000dec00000,0x00000000df100000)
 ParOldGen       total 84992K, used 4532K [0x0000000085000000, 0x000000008a300000, 0x00000000d7000000)
  object space 84992K, 5% used [0x0000000085000000,0x000000008546d138,0x000000008a300000)
 Metaspace       used 20591K, capacity 21188K, committed 21504K, reserved 1069056K
  class space    used 2577K, capacity 2730K, committed 2816K, reserved 1048576K
}
Event: 0,965 GC heap before
{Heap before GC invocations=5 (full 0):
 PSYoungGen      total 132096K, used 11246K [0x00000000d7000000, 0x00000000df600000, 0x0000000100000000)
  eden space 126976K, 4% used [0x00000000d7000000,0x00000000d760d328,0x00000000dec00000)
  from space 5120K, 98% used [0x00000000df100000,0x00000000df5ee680,0x00000000df600000)
  to   space 5120K, 0% used [0x00000000dec00000,0x00000000dec00000,0x00000000df100000)
 ParOldGen       total 84992K, used 4532K [0x0000000085000000, 0x000000008a300000, 0x00000000d7000000)
  object space 84992K, 5% used [0x0000000085000000,0x000000008546d138,0x000000008a300000)
 Metaspace       used 20957K, capacity 21476K, committed 21628K, reserved 1069056K
  class space    used 2625K, capacity 2762K, committed 2816K, reserved 1048576K
Event: 0,981 GC heap after
Heap after GC invocations=5 (full 0):
 PSYoungGen      total 132096K, used 4969K [0x00000000d7000000, 0x00000000e7a00000, 0x0000000100000000)
  eden space 126976K, 0% used [0x00000000d7000000,0x00000000d7000000,0x00000000dec00000)
  from space 5120K, 97% used [0x00000000dec00000,0x00000000df0da778,0x00000000df100000)
  to   space 9216K, 0% used [0x00000000e7100000,0x00000000e7100000,0x00000000e7a00000)
 ParOldGen       total 84992K, used 4540K [0x0000000085000000, 0x000000008a300000, 0x00000000d7000000)
  object space 84992K, 5% used [0x0000000085000000,0x000000008546f138,0x000000008a300000)
 Metaspace       used 20957K, capacity 21476K, committed 21628K, reserved 1069056K
  class space    used 2625K, capacity 2762K, committed 2816K, reserved 1048576K
}
Event: 0,981 GC heap before
{Heap before GC invocations=6 (full 1):
 PSYoungGen      total 132096K, used 4969K [0x00000000d7000000, 0x00000000e7a00000, 0x0000000100000000)
  eden space 126976K, 0% used [0x00000000d7000000,0x00000000d7000000,0x00000000dec00000)
  from space 5120K, 97% used [0x00000000dec00000,0x00000000df0da778,0x00000000df100000)
  to   space 9216K, 0% used [0x00000000e7100000,0x00000000e7100000,0x00000000e7a00000)
 ParOldGen       total 84992K, used 4540K [0x0000000085000000, 0x000000008a300000, 0x00000000d7000000)
  object space 84992K, 5% used [0x0000000085000000,0x000000008546f138,0x000000008a300000)
 Metaspace       used 20957K, capacity 21476K, committed 21628K, reserved 1069056K
  class space    used 2625K, capacity 2762K, committed 2816K, reserved 1048576K
Event: 1,008 GC heap after
Heap after GC invocations=6 (full 1):
 PSYoungGen      total 132096K, used 0K [0x00000000d7000000, 0x00000000e7a00000, 0x0000000100000000)
  eden space 126976K, 0% used [0x00000000d7000000,0x00000000d7000000,0x00000000dec00000)
  from space 5120K, 0% used [0x00000000dec00000,0x00000000dec00000,0x00000000df100000)
  to   space 9216K, 0% used [0x00000000e7100000,0x00000000e7100000,0x00000000e7a00000)
 ParOldGen       total 45568K, used 5385K [0x0000000085000000, 0x0000000087c80000, 0x00000000d7000000)
  object space 45568K, 11% used [0x0000000085000000,0x00000000855425a0,0x0000000087c80000)
 Metaspace       used 20957K, capacity 21476K, committed 21628K, reserved 1069056K
  class space    used 2625K, capacity 2762K, committed 2816K, reserved 1048576K
}
Event: 1,896 GC heap before
{Heap before GC invocations=7 (full 1):
 PSYoungGen      total 132096K, used 126976K [0x00000000d7000000, 0x00000000e7a00000, 0x0000000100000000)
  eden space 126976K, 100% used [0x00000000d7000000,0x00000000dec00000,0x00000000dec00000)
  from space 5120K, 0% used [0x00000000dec00000,0x00000000dec00000,0x00000000df100000)
  to   space 9216K, 0% used [0x00000000e7100000,0x00000000e7100000,0x00000000e7a00000)
 ParOldGen       total 45568K, used 5385K [0x0000000085000000, 0x0000000087c80000, 0x00000000d7000000)
  object space 45568K, 11% used [0x0000000085000000,0x00000000855425a0,0x0000000087c80000)
 Metaspace       used 29952K, capacity 30988K, committed 31232K, reserved 1077248K
  class space    used 3821K, capacity 4040K, committed 4096K, reserved 1048576K
Event: 1,910 GC heap after
Heap after GC invocations=7 (full 1):
 PSYoungGen      total 243200K, used 9210K [0x00000000d7000000, 0x00000000e7a00000, 0x0000000100000000)
  eden space 233984K, 0% used [0x00000000d7000000,0x00000000d7000000,0x00000000e5480000)
  from space 9216K, 99% used [0x00000000e7100000,0x00000000e79fe908,0x00000000e7a00000)
  to   space 14336K, 0% used [0x00000000e5e00000,0x00000000e5e00000,0x00000000e6c00000)
 ParOldGen       total 45568K, used 11933K [0x0000000085000000, 0x0000000087c80000, 0x00000000d7000000)
  object space 45568K, 26% used [0x0000000085000000,0x0000000085ba75f8,0x0000000087c80000)
 Metaspace       used 29952K, capacity 30988K, committed 31232K, reserved 1077248K
  class space    used 3821K, capacity 4040K, committed 4096K, reserved 1048576K
}
Event: 2,546 GC heap before
{Heap before GC invocations=8 (full 1):
 PSYoungGen      total 243200K, used 97214K [0x00000000d7000000, 0x00000000e7a00000, 0x0000000100000000)
  eden space 233984K, 37% used [0x00000000d7000000,0x00000000dc5f1020,0x00000000e5480000)
  from space 9216K, 99% used [0x00000000e7100000,0x00000000e79fe908,0x00000000e7a00000)
  to   space 14336K, 0% used [0x00000000e5e00000,0x00000000e5e00000,0x00000000e6c00000)
 ParOldGen       total 45568K, used 11933K [0x0000000085000000, 0x0000000087c80000, 0x00000000d7000000)
  object space 45568K, 26% used [0x0000000085000000,0x0000000085ba75f8,0x0000000087c80000)
 Metaspace       used 34732K, capacity 35958K, committed 36048K, reserved 1081344K
  class space    used 4422K, capacity 4711K, committed 4736K, reserved 1048576K

Deoptimization events (10 events):
Event: 2,368 Thread 0x00007fdba800f800 Uncommon trap: reason=class_check action=maybe_recompile pc=0x00007fdb999b5108 method=java.util.AbstractList$Itr.next()Ljava/lang/Object; @ 14
Event: 2,374 Thread 0x00007fdba800f800 Uncommon trap: reason=unstable_if action=reinterpret pc=0x00007fdb99431548 method=java.net.URLStreamHandler.parseURL(Ljava/net/URL;Ljava/lang/String;II)V @ 155
Event: 2,412 Thread 0x00007fdba800f800 Uncommon trap: reason=unstable_if action=reinterpret pc=0x00007fdb99320b48 method=java.util.HashMap.putVal(ILjava/lang/Object;Ljava/lang/Object;ZZ)Ljava/lang/Object; @ 236
Event: 2,454 Thread 0x00007fdba800f800 Uncommon trap: reason=unstable_if action=reinterpret pc=0x00007fdb99b1ee6c method=java.lang.CharacterData.of(I)Ljava/lang/CharacterData; @ 4
Event: 2,459 Thread 0x00007fdba800f800 Uncommon trap: reason=class_check action=maybe_recompile pc=0x00007fdb998f8d94 method=java.util.AbstractList$Itr.hasNext()Z @ 8
Event: 2,459 Thread 0x00007fdba800f800 Uncommon trap: reason=class_check action=maybe_recompile pc=0x00007fdb999b5108 method=java.util.AbstractList$Itr.next()Ljava/lang/Object; @ 14
Event: 2,490 Thread 0x00007fdba800f800 Uncommon trap: reason=class_check action=maybe_recompile pc=0x00007fdb998f8d94 method=java.util.AbstractList$Itr.hasNext()Z @ 8
Event: 2,490 Thread 0x00007fdba800f800 Uncommon trap: reason=class_check action=maybe_recompile pc=0x00007fdb999b5108 method=java.util.AbstractList$Itr.next()Ljava/lang/Object; @ 14
Event: 2,500 Thread 0x00007fdba800f800 Uncommon trap: reason=class_check action=maybe_recompile pc=0x00007fdb9922ad44 method=java.util.jar.JarFile.getJarEntry(Ljava/lang/String;)Ljava/util/jar/JarEntry; @ 2
Event: 2,527 Thread 0x00007fdba800f800 Uncommon trap: reason=unstable_if action=reinterpret pc=0x00007fdb99242574 method=java.lang.AbstractStringBuilder.append(Ljava/lang/String;)Ljava/lang/AbstractStringBuilder; @ 1

Classes redefined (0 events):
No events

Internal exceptions (10 events):
Event: 2,229 Thread 0x00007fdba800f800 Exception <a 'java/lang/ClassNotFoundException': java/lang/ObjectCustomizer> (0x00000000dac9cdc0) thrown at [/build/openjdk-8-6jqSe7/openjdk-8-8u191-b12/src/hotspot/src/share/vm/classfile/systemDictionary.cpp, line 210]
Event: 2,229 Thread 0x00007fdba800f800 Exception <a 'java/lang/ClassNotFoundException': org/springframework/boot/autoconfigure/data/mongo/MongoDataAutoConfigurationCustomizer> (0x00000000dacc46c0) thrown at [/build/openjdk-8-6jqSe7/openjdk-8-8u191-b12/src/hotspot/src/share/vm/classfile/systemD
Event: 2,230 Thread 0x00007fdba800f800 Exception <a 'java/lang/ClassNotFoundException': org/springframework/boot/autoconfigure/data/mongo/MongoDataAutoConfiguration$$EnhancerBySpringCGLIB$$85dc2aafCustomizer> (0x00000000dacf83b0) thrown at [/build/openjdk-8-6jqSe7/openjdk-8-8u191-b12/src/hotsp
Event: 2,230 Thread 0x00007fdba800f800 Exception <a 'java/lang/ClassNotFoundException': org/springframework/context/annotation/ConfigurationClassEnhancer$EnhancedConfigurationCustomizer> (0x00000000dad2eb98) thrown at [/build/openjdk-8-6jqSe7/openjdk-8-8u191-b12/src/hotspot/src/share/vm/classf
Event: 2,237 Thread 0x00007fdba800f800 Exception <a 'java/lang/ClassNotFoundException': java/lang/ObjectCustomizer> (0x00000000dae1ba98) thrown at [/build/openjdk-8-6jqSe7/openjdk-8-8u191-b12/src/hotspot/src/share/vm/classfile/systemDictionary.cpp, line 210]
Event: 2,238 Thread 0x00007fdba800f800 Exception <a 'java/lang/ClassNotFoundException': org/springframework/boot/autoconfigure/mongo/MongoAutoConfigurationCustomizer> (0x00000000dae40ee0) thrown at [/build/openjdk-8-6jqSe7/openjdk-8-8u191-b12/src/hotspot/src/share/vm/classfile/systemDictionary
Event: 2,238 Thread 0x00007fdba800f800 Exception <a 'java/lang/ClassNotFoundException': org/springframework/boot/autoconfigure/mongo/MongoAutoConfiguration$$EnhancerBySpringCGLIB$$571da7cdCustomizer> (0x00000000dae6ea18) thrown at [/build/openjdk-8-6jqSe7/openjdk-8-8u191-b12/src/hotspot/src/sh
Event: 2,238 Thread 0x00007fdba800f800 Exception <a 'java/lang/ClassNotFoundException': org/springframework/context/annotation/ConfigurationClassEnhancer$EnhancedConfigurationCustomizer> (0x00000000dae9ce38) thrown at [/build/openjdk-8-6jqSe7/openjdk-8-8u191-b12/src/hotspot/src/share/vm/classf
Event: 2,527 Thread 0x00007fdba800f800 Implicit null exception at 0x00007fdb992421b5 to 0x00007fdb99242561
Event: 2,545 Thread 0x00007fdba800f800 Exception <a 'java/lang/ClassNotFoundException': java/lang/ObjectCustomizer> (0x00000000dc2cdb28) thrown at [/build/openjdk-8-6jqSe7/openjdk-8-8u191-b12/src/hotspot/src/share/vm/classfile/systemDictionary.cpp, line 210]

Events (10 events):
Event: 2,545 loading class java/net/SocksConsts
Event: 2,545 loading class java/net/SocksConsts done
Event: 2,545 loading class java/lang/ObjectCustomizer done
Event: 2,545 loading class java/lang/ObjectCustomizer
Event: 2,545 loading class java/lang/ObjectCustomizer done
Event: 2,545 loading class com/mongodb/MongoCustomizer
Event: 2,545 loading class com/mongodb/MongoCustomizer done
Event: 2,546 loading class com/mongodb/MongoCustomizer
Event: 2,546 loading class com/mongodb/MongoCustomizer done
Event: 2,546 Executing VM operation: CollectForMetadataAllocation


Dynamic libraries:
00400000-00401000 r-xp 00000000 08:02 3152821                            /usr/lib/jvm/java-8-openjdk-amd64/jre/bin/java
00600000-00601000 r--p 00000000 08:02 3152821                            /usr/lib/jvm/java-8-openjdk-amd64/jre/bin/java
00601000-00602000 rw-p 00001000 08:02 3152821                            /usr/lib/jvm/java-8-openjdk-amd64/jre/bin/java
01569000-0158a000 rw-p 00000000 00:00 0                                  [heap]
85000000-87c80000 rw-p 00000000 00:00 0 
87c80000-d7000000 ---p 00000000 00:00 0 
d7000000-e7a00000 rw-p 00000000 00:00 0 
f2e00000-100000000 ---p 00000000 00:00 0 
100000000-1004a0000 rw-p 00000000 00:00 0 
1004a0000-140000000 ---p 00000000 00:00 0 
7fdb40000000-7fdb40068000 rw-p 00000000 00:00 0 
7fdb40068000-7fdb44000000 ---p 00000000 00:00 0 
7fdb48000000-7fdb48021000 rw-p 00000000 00:00 0 
7fdb48021000-7fdb4c000000 ---p 00000000 00:00 0 
7fdb4c000000-7fdb4c576000 rw-p 00000000 00:00 0 
7fdb4c576000-7fdb50000000 ---p 00000000 00:00 0 
7fdb50000000-7fdb50021000 rw-p 00000000 00:00 0 
7fdb50021000-7fdb54000000 ---p 00000000 00:00 0 
7fdb54000000-7fdb540bc000 rw-p 00000000 00:00 0 
7fdb540bc000-7fdb58000000 ---p 00000000 00:00 0 
7fdb58000000-7fdb58021000 rw-p 00000000 00:00 0 
7fdb58021000-7fdb5c000000 ---p 00000000 00:00 0 
7fdb5c000000-7fdb5c021000 rw-p 00000000 00:00 0 
7fdb5c021000-7fdb60000000 ---p 00000000 00:00 0 
7fdb60000000-7fdb618e3000 rw-p 00000000 00:00 0 
7fdb618e3000-7fdb64000000 ---p 00000000 00:00 0 
7fdb64000000-7fdb652b0000 rw-p 00000000 00:00 0 
7fdb652b0000-7fdb68000000 ---p 00000000 00:00 0 
7fdb68000000-7fdb68021000 rw-p 00000000 00:00 0 
7fdb68021000-7fdb6c000000 ---p 00000000 00:00 0 
7fdb6c000000-7fdb6d3db000 rw-p 00000000 00:00 0 
7fdb6d3db000-7fdb70000000 ---p 00000000 00:00 0 
7fdb70000000-7fdb70021000 rw-p 00000000 00:00 0 
7fdb70021000-7fdb74000000 ---p 00000000 00:00 0 
7fdb74000000-7fdb74021000 rw-p 00000000 00:00 0 
7fdb74021000-7fdb78000000 ---p 00000000 00:00 0 
7fdb78000000-7fdb78021000 rw-p 00000000 00:00 0 
7fdb78021000-7fdb7c000000 ---p 00000000 00:00 0 
7fdb7c000000-7fdb7c021000 rw-p 00000000 00:00 0 
7fdb7c021000-7fdb80000000 ---p 00000000 00:00 0 
7fdb80000000-7fdb80021000 rw-p 00000000 00:00 0 
7fdb80021000-7fdb84000000 ---p 00000000 00:00 0 
7fdb86a28000-7fdb86abc000 rw-p 00000000 00:00 0 
7fdb86abc000-7fdb86c28000 ---p 00000000 00:00 0 
7fdb86c28000-7fdb86c50000 r-xp 00000000 08:02 3022483                    /usr/lib/jvm/java-8-openjdk-amd64/jre/lib/amd64/libsunec.so
7fdb86c50000-7fdb86e50000 ---p 00028000 08:02 3022483                    /usr/lib/jvm/java-8-openjdk-amd64/jre/lib/amd64/libsunec.so
7fdb86e50000-7fdb86e54000 r--p 00028000 08:02 3022483                    /usr/lib/jvm/java-8-openjdk-amd64/jre/lib/amd64/libsunec.so
7fdb86e54000-7fdb86e55000 rw-p 0002c000 08:02 3022483                    /usr/lib/jvm/java-8-openjdk-amd64/jre/lib/amd64/libsunec.so
7fdb86e55000-7fdb87055000 rw-p 00000000 00:00 0 
7fdb870ff000-7fdb872ff000 rw-p 00000000 00:00 0 
7fdb872ff000-7fdb874ff000 rw-p 00000000 00:00 0 
7fdb874ff000-7fdb876ff000 rw-p 00000000 00:00 0 
7fdb876ff000-7fdb87702000 ---p 00000000 00:00 0 
7fdb87702000-7fdb87a00000 rw-p 00000000 00:00 0 
7fdb87a00000-7fdb87c00000 rw-p 00000000 00:00 0 
7fdb87c00000-7fdb87e00000 rw-p 00000000 00:00 0 
7fdb87e00000-7fdb88000000 rw-p 00000000 00:00 0 
7fdb88000000-7fdb88021000 rw-p 00000000 00:00 0 
7fdb88021000-7fdb8c000000 ---p 00000000 00:00 0 
7fdb8c0b0000-7fdb8c0b2000 r--s 00016000 08:02 3022430                    /usr/lib/jvm/java-8-openjdk-amd64/jre/lib/jce.jar
7fdb8c0b2000-7fdb8c0b7000 r--s 000a0000 08:02 3022489                    /usr/lib/jvm/java-8-openjdk-amd64/jre/lib/jsse.jar
7fdb8c0b7000-7fdb8c0bc000 r--s 002f9000 08:02 3022384                    /usr/lib/jvm/java-8-openjdk-amd64/jre/lib/charsets.jar
7fdb8c0bc000-7fdb8c2bc000 rw-p 00000000 00:00 0 
7fdb8c2bc000-7fdb8c2bf000 ---p 00000000 00:00 0 
7fdb8c2bf000-7fdb8c5bd000 rw-p 00000000 00:00 0 
7fdb8c5bd000-7fdb8f5be000 rw-p 00000000 00:00 0 
7fdb8f5be000-7fdb8f5d5000 r-xp 00000000 08:02 3022452                    /usr/lib/jvm/java-8-openjdk-amd64/jre/lib/amd64/libnet.so
7fdb8f5d5000-7fdb8f7d4000 ---p 00017000 08:02 3022452                    /usr/lib/jvm/java-8-openjdk-amd64/jre/lib/amd64/libnet.so
7fdb8f7d4000-7fdb8f7d5000 r--p 00016000 08:02 3022452                    /usr/lib/jvm/java-8-openjdk-amd64/jre/lib/amd64/libnet.so
7fdb8f7d5000-7fdb8f7d6000 rw-p 00017000 08:02 3022452                    /usr/lib/jvm/java-8-openjdk-amd64/jre/lib/amd64/libnet.so
7fdb8f7d6000-7fdb8f7e7000 r-xp 00000000 08:02 3022485                    /usr/lib/jvm/java-8-openjdk-amd64/jre/lib/amd64/libnio.so
7fdb8f7e7000-7fdb8f9e7000 ---p 00011000 08:02 3022485                    /usr/lib/jvm/java-8-openjdk-amd64/jre/lib/amd64/libnio.so
7fdb8f9e7000-7fdb8f9e8000 r--p 00011000 08:02 3022485                    /usr/lib/jvm/java-8-openjdk-amd64/jre/lib/amd64/libnio.so
7fdb8f9e8000-7fdb8f9e9000 rw-p 00012000 08:02 3022485                    /usr/lib/jvm/java-8-openjdk-amd64/jre/lib/amd64/libnio.so
7fdb8f9e9000-7fdb8fbe9000 rw-p 00000000 00:00 0 
7fdb8fbe9000-7fdb8fbf0000 r--s 00000000 08:02 3153416                    /usr/lib/x86_64-linux-gnu/gconv/gconv-modules.cache
7fdb8fbf0000-7fdb8fc16000 r--p 00000000 08:02 4335178                    /usr/share/locale/fr/LC_MESSAGES/libc.mo
7fdb8fc16000-7fdb8fc19000 ---p 00000000 00:00 0 
7fdb8fc19000-7fdb8fc4f000 rw-p 00000000 00:00 0 
7fdb8fc4f000-7fdb8fc52000 r--s 00012000 08:02 6827332                    /home/mickael/.m2/repository/org/apache/maven/surefire/surefire-junit4/2.20.1/surefire-junit4-2.20.1.jar
7fdb8fc52000-7fdb8fc53000 r--s 00000000 08:02 145518                     /home/mickael/.m2/repository/javax/inject/javax.inject/1/javax.inject-1.jar
7fdb8fc53000-7fdb8fc62000 r--s 001b0000 08:02 145516                     /home/mickael/.m2/repository/org/eclipse/jdt/core/compiler/ecj/4.3.1/ecj-4.3.1.jar
7fdb8fc62000-7fdb8fc64000 r--s 00010000 08:02 145514                     /home/mickael/.m2/repository/com/mysema/codegen/codegen/0.6.7/codegen-0.6.7.jar
7fdb8fc64000-7fdb8fc66000 r--s 00010000 08:02 7086783                    /home/mickael/.m2/repository/com/mysema/querydsl/querydsl-codegen/3.6.6/querydsl-codegen-3.6.6.jar
7fdb8fc66000-7fdb8fc68000 r--s 0000f000 08:02 7086781                    /home/mickael/.m2/repository/com/mysema/querydsl/querydsl-apt/3.6.6/querydsl-apt-3.6.6.jar
7fdb8fc68000-7fdb8fc6a000 r--s 00009000 08:02 6689427                    /home/mickael/.m2/repository/org/slf4j/slf4j-api/1.7.25/slf4j-api-1.7.25.jar
7fdb8fc6a000-7fdb8fc6b000 r--s 00000000 08:02 7086779                    /home/mickael/.m2/repository/com/infradna/tool/bridge-method-annotation/1.13/bridge-method-annotation-1.13.jar
7fdb8fc6b000-7fdb8fc6c000 r--s 00002000 08:02 7086777                    /home/mickael/.m2/repository/com/mysema/commons/mysema-commons-lang/0.2.4/mysema-commons-lang-0.2.4.jar
7fdb8fc6c000-7fdb8fc6f000 r--s 00006000 08:02 7086775                    /home/mickael/.m2/repository/com/google/code/findbugs/jsr305/1.3.9/jsr305-1.3.9.jar
7fdb8fc6f000-7fdb8fc9a000 r--s 001fc000 08:02 7086773                    /home/mickael/.m2/repository/com/google/guava/guava/18.0/guava-18.0.jar
7fdb8fc9a000-7fdb8fca3000 r--s 00069000 08:02 7086771                    /home/mickael/.m2/repository/com/mysema/querydsl/querydsl-core/3.6.6/querydsl-core-3.6.6.jar
7fdb8fca3000-7fdb8fca5000 r--s 00005000 08:02 6427121                    /home/mickael/.m2/repository/com/mysema/querydsl/querydsl-mongodb/3.6.6/querydsl-mongodb-3.6.6.jar
7fdb8fca5000-7fdb8fcaa000 r--s 00022000 08:02 7086769                    /home/mickael/.m2/repository/org/xmlunit/xmlunit-core/2.5.1/xmlunit-core-2.5.1.jar
7fdb8fcaa000-7fdb8fcb8000 r--s 00083000 08:02 7086741                    /home/mickael/.m2/repository/org/springframework/spring-test/5.0.4.RELEASE/spring-test-5.0.4.RELEASE.jar
7fdb8fcb8000-7fdb8fcb9000 r--s 00003000 08:02 6689409                    /home/mickael/.m2/repository/org/springframework/spring-jcl/5.0.4.RELEASE/spring-jcl-5.0.4.RELEASE.jar
7fdb8fcb9000-7fdb8fcd0000 r--s 00112000 08:02 6689407                    /home/mickael/.m2/repository/org/springframework/spring-core/5.0.4.RELEASE/spring-core-5.0.4.RELEASE.jar
7fdb8fcd0000-7fdb8fcd1000 r--s 00004000 08:02 6298358                    /home/mickael/.m2/repository/com/vaadin/external/google/android-json/0.0.20131108.vaadin1/android-json-0.0.20131108.vaadin1.jar
7fdb8fcd1000-7fdb8fcd3000 r--s 00006000 08:02 7086767                    /home/mickael/.m2/repository/org/skyscreamer/jsonassert/1.5.0/jsonassert-1.5.0.jar
7fdb8fcd3000-7fdb8fcd4000 r--s 0000c000 08:02 7086765                    /home/mickael/.m2/repository/org/hamcrest/hamcrest-library/1.3/hamcrest-library-1.3.jar
7fdb8fcd4000-7fdb8fcd6000 r--s 00009000 08:02 6955444                    /home/mickael/.m2/repository/org/hamcrest/hamcrest-core/1.3/hamcrest-core-1.3.jar
7fdb8fcd6000-7fdb8fcd8000 r--s 0000c000 08:02 7086763                    /home/mickael/.m2/repository/org/objenesis/objenesis/2.6/objenesis-2.6.jar
7fdb8fcd8000-7fdb8fcda000 r--s 00009000 08:02 7086761                    /home/mickael/.m2/repository/net/bytebuddy/byte-buddy-agent/1.7.10/byte-buddy-agent-1.7.10.jar
7fdb8fcda000-7fdb8fd17000 r--s 0028f000 08:02 7086759                    /home/mickael/.m2/repository/net/bytebuddy/byte-buddy/1.7.10/byte-buddy-1.7.10.jar
7fdb8fd17000-7fdb8fd27000 r--s 00075000 08:02 7086757                    /home/mickael/.m2/repository/org/mockito/mockito-core/2.15.0/mockito-core-2.15.0.jar
7fdb8fd27000-7fdb8fd7c000 r--s 00367000 08:02 6955442                    /home/mickael/.m2/repository/org/assertj/assertj-core/3.9.1/assertj-core-3.9.1.jar
7fdb8fd7c000-7fdb8fd84000 r--s 00045000 08:02 6955440                    /home/mickael/.m2/repository/junit/junit/4.12/junit-4.12.jar
7fdb8fd84000-7fdb8fd86000 r--s 0000c000 08:02 6955438                    /home/mickael/.m2/repository/org/ow2/asm/asm/5.0.4/asm-5.0.4.jar
7fdb8fd86000-7fdb8fd88000 r--s 00006000 08:02 6955436                    /home/mickael/.m2/repository/net/minidev/accessors-smart/1.2/accessors-smart-1.2.jar
7fdb8fd88000-7fdb8fd8b000 r--s 0001b000 08:02 6955434                    /home/mickael/.m2/repository/net/minidev/json-smart/2.3/json-smart-2.3.jar
7fdb8fd8b000-7fdb8fd91000 r--s 00031000 08:02 6164075                    /home/mickael/.m2/repository/com/jayway/jsonpath/json-path/2.4.0/json-path-2.4.0.jar
7fdb8fd91000-7fdb8fd98000 r--s 00020000 08:02 6955412                    /home/mickael/.m2/repository/org/springframework/boot/spring-boot-test-autoconfigure/2.0.0.RELEASE/spring-boot-test-autoconfigure-2.0.0.RELEASE.jar
7fdb8fd98000-7fdb8fd9d000 r--s 0002b000 08:02 6955409                    /home/mickael/.m2/repository/org/springframework/boot/spring-boot-test/2.0.0.RELEASE/spring-boot-test-2.0.0.RELEASE.jar
7fdb8fd9d000-7fdb8fd9e000 r--s 00000000 08:02 6955404                    /home/mickael/.m2/repository/org/springframework/boot/spring-boot-starter-test/2.0.0.RELEASE/spring-boot-starter-test-2.0.0.RELEASE.jar
7fdb8fd9e000-7fdb8fd9f000 r--s 00003000 08:02 5378069                    /home/mickael/.m2/repository/com/googlecode/json-simple/json-simple/1.1/json-simple-1.1.jar
7fdb8fd9f000-7fdb8fdc4000 r--s 001d3000 08:02 6955432                    /home/mickael/.m2/repository/org/mongodb/mongo-java-driver/3.9.0-rc0/mongo-java-driver-3.9.0-rc0.jar
7fdb8fdc4000-7fdb8fdcb000 r--s 0004b000 08:02 6955430                    /home/mickael/.m2/repository/commons-codec/commons-codec/1.11/commons-codec-1.11.jar
7fdb8fdcb000-7fdb8fdd2000 r--s 00049000 08:02 6955428                    /home/mickael/.m2/repository/org/apache/httpcomponents/httpcore/4.4.9/httpcore-4.4.9.jar
7fdb8fdd2000-7fdb8fddf000 r--s 000af000 08:02 6955426                    /home/mickael/.m2/repository/org/apache/httpcomponents/httpclient/4.5.7/httpclient-4.5.7.jar
7fdb8fddf000-7fdb8fde3000 r--s 0004b000 08:02 6827317                    /home/mickael/.m2/repository/com/fasterxml/jackson/core/jackson-core/2.9.4/jackson-core-2.9.4.jar
7fdb8fde3000-7fdb8fde6000 r--s 0000e000 08:02 6827315                    /home/mickael/.m2/repository/com/fasterxml/jackson/core/jackson-annotations/2.9.0/jackson-annotations-2.9.0.jar
7fdb8fde6000-7fdb8fdf9000 r--s 00136000 08:02 5378067                    /home/mickael/.m2/repository/com/fasterxml/jackson/core/jackson-databind/2.9.4/jackson-databind-2.9.4.jar
7fdb8fdf9000-7fdb8fdfc000 r--s 00019000 08:02 6955424                    /home/mickael/.m2/repository/io/jsonwebtoken/jjwt/0.9.0/jjwt-0.9.0.jar
7fdb8fdfc000-7fdb8fe0a000 r--s 0006b000 08:02 6955405                    /home/mickael/.m2/repository/org/springframework/security/spring-security-web/5.0.3.RELEASE/spring-security-web-5.0.3.RELEASE.jar
7fdb8fe0a000-7fdb8fe17000 r--s 0005b000 08:02 6955403                    /home/mickael/.m2/repository/org/springframework/security/spring-security-core/5.0.3.RELEASE/spring-security-core-5.0.3.RELEASE.jar
7fdb8fe17000-7fdb8fe22000 r--s 0009e000 08:02 6955401                    /home/mickael/.m2/repository/org/springframework/security/spring-security-config/5.0.3.RELEASE/spring-security-config-5.0.3.RELEASE.jar
7fdb8fe22000-7fdb8fe2b000 r--s 0004f000 08:02 6689405                    /home/mickael/.m2/repository/org/springframework/spring-aop/5.0.4.RELEASE/spring-aop-5.0.4.RELEASE.jar
7fdb8fe2b000-7fdb8fe2c000 r--s 00000000 08:02 6955399                    /home/mickael/.m2/repository/org/springframework/boot/spring-boot-starter-security/2.0.0.RELEASE/spring-boot-starter-security-2.0.0.RELEASE.jar
7fdb8fe2c000-7fdb8fe3b000 r--s 000b0000 08:02 6955397                    /home/mickael/.m2/repository/org/springframework/spring-webmvc/5.0.4.RELEASE/spring-webmvc-5.0.4.RELEASE.jar
7fdb8fe3b000-7fdb8fe55000 r--s 00116000 08:02 6827270                    /home/mickael/.m2/repository/org/springframework/spring-web/5.0.4.RELEASE/spring-web-5.0.4.RELEASE.jar
7fdb8fe55000-7fdb8fe57000 r--s 0000e000 08:02 5378065                    /home/mickael/.m2/repository/com/fasterxml/classmate/1.3.4/classmate-1.3.4.jar
7fdb8fe57000-7fdb8fe59000 r--s 0000f000 08:02 6827313                    /home/mickael/.m2/repository/org/jboss/logging/jboss-logging/3.3.2.Final/jboss-logging-3.3.2.Final.jar
7fdb8fe59000-7fdb8fe5e000 r--s 00012000 08:02 6827311                    /home/mickael/.m2/repository/javax/validation/validation-api/2.0.1.Final/validation-api-2.0.1.Final.jar
7fdb8fe5e000-7fdb8fe7a000 r--s 000f5000 08:02 6827309                    /home/mickael/.m2/repository/org/hibernate/validator/hibernate-validator/6.0.7.Final/hibernate-validator-6.0.7.Final.jar
7fdb8fe7a000-7fdb8fe7f000 r--s 0003a000 08:02 6827307                    /home/mickael/.m2/repository/org/apache/tomcat/embed/tomcat-embed-websocket/8.5.28/tomcat-embed-websocket-8.5.28.jar
7fdb8fe7f000-7fdb8fe83000 r--s 00037000 08:02 6827305                    /home/mickael/.m2/repository/org/apache/tomcat/embed/tomcat-embed-el/8.5.28/tomcat-embed-el-8.5.28.jar
7fdb8fe83000-7fdb8fead000 r--s 002ce000 08:02 6827303                    /home/mickael/.m2/repository/org/apache/tomcat/embed/tomcat-embed-core/8.5.28/tomcat-embed-core-8.5.28.jar
7fdb8fead000-7fdb8feae000 r--s 00000000 08:02 6827272                    /home/mickael/.m2/repository/org/springframework/boot/spring-boot-starter-tomcat/2.0.0.RELEASE/spring-boot-starter-tomcat-2.0.0.RELEASE.jar
7fdb8feae000-7fdb8feb0000 r--s 00001000 08:02 6827301                    /home/mickael/.m2/repository/com/fasterxml/jackson/module/jackson-module-parameter-names/2.9.4/jackson-module-parameter-names-2.9.4.jar
7fdb8feb0000-7fdb8feb2000 r--s 00016000 08:02 6689425                    /home/mickael/.m2/repository/com/fasterxml/jackson/datatype/jackson-datatype-jsr310/2.9.4/jackson-datatype-jsr310-2.9.4.jar
7fdb8feb2000-7fdb8feb4000 r--s 00007000 08:02 6037118                    /home/mickael/.m2/repository/com/fasterxml/jackson/datatype/jackson-datatype-jdk8/2.9.4/jackson-datatype-jdk8-2.9.4.jar
7fdb8feb4000-7fdb8feb5000 r--s 00000000 08:02 6827268                    /home/mickael/.m2/repository/org/springframework/boot/spring-boot-starter-json/2.0.0.RELEASE/spring-boot-starter-json-2.0.0.RELEASE.jar
7fdb8feb5000-7fdb8feb6000 r--s 00000000 08:02 6827266                    /home/mickael/.m2/repository/org/springframework/boot/spring-boot-starter-web/2.0.0.RELEASE/spring-boot-starter-web-2.0.0.RELEASE.jar
7fdb8feb6000-7fdb8fecd000 r--s 000ed000 08:02 6827264                    /home/mickael/.m2/repository/org/springframework/data/spring-data-commons/2.0.5.RELEASE/spring-data-commons-2.0.5.RELEASE.jar
7fdb8fecd000-7fdb8fed2000 r--s 0003c000 08:02 6689399                    /home/mickael/.m2/repository/org/springframework/spring-expression/5.0.4.RELEASE/spring-expression-5.0.4.RELEASE.jar
7fdb8fed2000-7fdb8fede000 r--s 00094000 08:02 6689403                    /home/mickael/.m2/repository/org/springframework/spring-beans/5.0.4.RELEASE/spring-beans-5.0.4.RELEASE.jar
7fdb8fede000-7fdb8fef8000 r--s 000ee000 08:02 6689401                    /home/mickael/.m2/repository/org/springframework/spring-context/5.0.4.RELEASE/spring-context-5.0.4.RELEASE.jar
7fdb8fef8000-7fdb8feff000 r--s 00036000 08:02 6827262                    /home/mickael/.m2/repository/org/springframework/spring-tx/5.0.4.RELEASE/spring-tx-5.0.4.RELEASE.jar
7fdb8feff000-7fdb8ff02000 ---p 00000000 00:00 0 
7fdb8ff02000-7fdb90000000 rw-p 00000000 00:00 0 
7fdb90000000-7fdb90021000 rw-p 00000000 00:00 0 
7fdb90021000-7fdb94000000 ---p 00000000 00:00 0 
7fdb94000000-7fdb9401c000 r--s 00110000 08:02 6164072                    /home/mickael/.m2/repository/org/springframework/data/spring-data-mongodb/2.0.5.RELEASE/spring-data-mongodb-2.0.5.RELEASE.jar
7fdb9401c000-7fdb94032000 r--s 000fb000 08:02 6827299                    /home/mickael/.m2/repository/org/mongodb/mongodb-driver-core/3.6.3/mongodb-driver-core-3.6.3.jar
7fdb94032000-7fdb9403a000 r--s 00059000 08:02 6827297                    /home/mickael/.m2/repository/org/mongodb/bson/3.6.3/bson-3.6.3.jar
7fdb9403a000-7fdb94041000 r--s 00058000 08:02 6827295                    /home/mickael/.m2/repository/org/mongodb/mongodb-driver/3.6.3/mongodb-driver-3.6.3.jar
7fdb94041000-7fdb94048000 r--s 00042000 08:02 6827293                    /home/mickael/.m2/repository/org/yaml/snakeyaml/1.19/snakeyaml-1.19.jar
7fdb94048000-7fdb9404a000 r--s 00005000 08:02 6827292                    /home/mickael/.m2/repository/javax/annotation/javax.annotation-api/1.3.2/javax.annotation-api-1.3.2.jar
7fdb9404a000-7fdb9404c000 r--s 00000000 08:02 6827289                    /home/mickael/.m2/repository/org/slf4j/jul-to-slf4j/1.7.25/jul-to-slf4j-1.7.25.jar
7fdb9404c000-7fdb94052000 r--s 00039000 08:02 6689423                    /home/mickael/.m2/repository/org/apache/logging/log4j/log4j-api/2.10.0/log4j-api-2.10.0.jar
7fdb94052000-7fdb9405d000 r--s 00069000 08:02 6689419                    /home/mickael/.m2/repository/ch/qos/logback/logback-core/1.2.3/logback-core-1.2.3.jar
7fdb9405d000-7fdb94063000 r--s 00041000 08:02 6689417                    /home/mickael/.m2/repository/ch/qos/logback/logback-classic/1.2.3/logback-classic-1.2.3.jar
7fdb94063000-7fdb94083000 r--s 000f8000 08:02 6689395                    /home/mickael/.m2/repository/org/springframework/boot/spring-boot-autoconfigure/2.0.0.RELEASE/spring-boot-autoconfigure-2.0.0.RELEASE.jar
7fdb94083000-7fdb9408c000 r-xp 00000000 08:02 3022456                    /usr/lib/jvm/java-8-openjdk-amd64/jre/lib/amd64/libmanagement.so
7fdb9408c000-7fdb9428b000 ---p 00009000 08:02 3022456                    /usr/lib/jvm/java-8-openjdk-amd64/jre/lib/amd64/libmanagement.so
7fdb9428b000-7fdb9428c000 r--p 00008000 08:02 3022456                    /usr/lib/jvm/java-8-openjdk-amd64/jre/lib/amd64/libmanagement.so
7fdb9428c000-7fdb9428d000 rw-p 00009000 08:02 3022456                    /usr/lib/jvm/java-8-openjdk-amd64/jre/lib/amd64/libmanagement.so
7fdb9428d000-7fdb94290000 ---p 00000000 00:00 0 
7fdb94290000-7fdb9438e000 rw-p 00000000 00:00 0 
7fdb9438e000-7fdb9438f000 ---p 00000000 00:00 0 
7fdb9438f000-7fdb9448f000 rw-p 00000000 00:00 0 
7fdb9448f000-7fdb94492000 ---p 00000000 00:00 0 
7fdb94492000-7fdb94590000 rw-p 00000000 00:00 0 
7fdb94590000-7fdb94591000 ---p 00000000 00:00 0 
7fdb94591000-7fdb94594000 ---p 00000000 00:00 0 
7fdb94594000-7fdb94691000 rw-p 00000000 00:00 0 
7fdb94691000-7fdb94692000 ---p 00000000 00:00 0 
7fdb94692000-7fdb94695000 ---p 00000000 00:00 0 
7fdb94695000-7fdb94792000 rw-p 00000000 00:00 0 
7fdb94792000-7fdb94793000 ---p 00000000 00:00 0 
7fdb94793000-7fdb94796000 ---p 00000000 00:00 0 
7fdb94796000-7fdb94893000 rw-p 00000000 00:00 0 
7fdb94893000-7fdb94896000 ---p 00000000 00:00 0 
7fdb94896000-7fdb94994000 rw-p 00000000 00:00 0 
7fdb94994000-7fdb94c7a000 r--p 00000000 08:02 2885514                    /usr/lib/locale/locale-archive
7fdb94c7a000-7fdb94c7d000 ---p 00000000 00:00 0 
7fdb94c7d000-7fdb94d7b000 rw-p 00000000 00:00 0 
7fdb94d7b000-7fdb94d7e000 ---p 00000000 00:00 0 
7fdb94d7e000-7fdb94e7c000 rw-p 00000000 00:00 0 
7fdb94e7c000-7fdb94e7d000 ---p 00000000 00:00 0 
7fdb94e7d000-7fdb99000000 rw-p 00000000 00:00 0 
7fdb99000000-7fdb99c00000 rwxp 00000000 00:00 0 
7fdb99c00000-7fdba8000000 ---p 00000000 00:00 0 
7fdba8000000-7fdba8fb3000 rw-p 00000000 00:00 0 
7fdba8fb3000-7fdbac000000 ---p 00000000 00:00 0 
7fdbac000000-7fdbac002000 r--s 00003000 08:02 6689421                    /home/mickael/.m2/repository/org/apache/logging/log4j/log4j-to-slf4j/2.10.0/log4j-to-slf4j-2.10.0.jar
7fdbac002000-7fdbac003000 r--s 00000000 08:02 6689397                    /home/mickael/.m2/repository/org/springframework/boot/spring-boot-starter-logging/2.0.0.RELEASE/spring-boot-starter-logging-2.0.0.RELEASE.jar
7fdbac003000-7fdbac018000 r--s 000cd000 08:02 6689393                    /home/mickael/.m2/repository/org/springframework/boot/spring-boot/2.0.0.RELEASE/spring-boot-2.0.0.RELEASE.jar
7fdbac018000-7fdbac019000 r--s 00000000 08:02 6689391                    /home/mickael/.m2/repository/org/springframework/boot/spring-boot-starter/2.0.0.RELEASE/spring-boot-starter-2.0.0.RELEASE.jar
7fdbac019000-7fdbac01a000 r--s 00000000 08:02 6689389                    /home/mickael/.m2/repository/org/springframework/boot/spring-boot-starter-data-mongodb/2.0.0.RELEASE/spring-boot-starter-data-mongodb-2.0.0.RELEASE.jar
7fdbac01a000-7fdbac01c000 r--s 00002000 08:02 6689446                    /home/mickael/.m2/repository/org/apache/maven/surefire/surefire-logger-api/2.20.1/surefire-logger-api-2.20.1.jar
7fdbac01c000-7fdbac021000 r--s 00028000 08:02 6556937                    /home/mickael/.m2/repository/org/apache/maven/surefire/surefire-api/2.20.1/surefire-api-2.20.1.jar
7fdbac021000-7fdbac026000 r--s 0003d000 08:02 6689448                    /home/mickael/.m2/repository/org/apache/maven/surefire/surefire-booter/2.20.1/surefire-booter-2.20.1.jar
7fdbac026000-7fdbac029000 r--s 00038000 08:02 3022408                    /usr/lib/jvm/java-8-openjdk-amd64/jre/lib/ext/sunpkcs11.jar
7fdbac029000-7fdbac044000 r--s 00394000 08:02 3022418                    /usr/lib/jvm/java-8-openjdk-amd64/jre/lib/ext/cldrdata.jar
7fdbac044000-7fdbac05f000 r--s 001d6000 08:02 3022407                    /usr/lib/jvm/java-8-openjdk-amd64/jre/lib/ext/nashorn.jar
7fdbac05f000-7fdbacd5e000 rw-p 00000000 00:00 0 
7fdbacd5e000-7fdbacf2d000 r--s 03c33000 08:02 3022443                    /usr/lib/jvm/java-8-openjdk-amd64/jre/lib/rt.jar
7fdbacf2d000-7fdbadc25000 rw-p 00000000 00:00 0 
7fdbadc25000-7fdbadc26000 ---p 00000000 00:00 0 
7fdbadc26000-7fdbadd26000 rw-p 00000000 00:00 0 
7fdbadd26000-7fdbadd27000 ---p 00000000 00:00 0 
7fdbadd27000-7fdbade27000 rw-p 00000000 00:00 0 
7fdbade27000-7fdbade28000 ---p 00000000 00:00 0 
7fdbade28000-7fdbadf28000 rw-p 00000000 00:00 0 
7fdbadf28000-7fdbadf29000 ---p 00000000 00:00 0 
7fdbadf29000-7fdbae040000 rw-p 00000000 00:00 0 
7fdbae040000-7fdbae2b9000 ---p 00000000 00:00 0 
7fdbae2b9000-7fdbae2d0000 rw-p 00000000 00:00 0 
7fdbae2d0000-7fdbae549000 ---p 00000000 00:00 0 
7fdbae549000-7fdbae5ce000 rw-p 00000000 00:00 0 
7fdbae5ce000-7fdbae691000 ---p 00000000 00:00 0 
7fdbae691000-7fdbae6c2000 rw-p 00000000 00:00 0 
7fdbae6c2000-7fdbaea52000 ---p 00000000 00:00 0 
7fdbaea52000-7fdbaea5a000 r-xp 00000000 08:02 3022463                    /usr/lib/jvm/java-8-openjdk-amd64/jre/lib/amd64/libzip.so
7fdbaea5a000-7fdbaec59000 ---p 00008000 08:02 3022463                    /usr/lib/jvm/java-8-openjdk-amd64/jre/lib/amd64/libzip.so
7fdbaec59000-7fdbaec5a000 r--p 00007000 08:02 3022463                    /usr/lib/jvm/java-8-openjdk-amd64/jre/lib/amd64/libzip.so
7fdbaec5a000-7fdbaec5b000 rw-p 00008000 08:02 3022463                    /usr/lib/jvm/java-8-openjdk-amd64/jre/lib/amd64/libzip.so
7fdbaec5b000-7fdbaec5e000 r--p 00000000 08:02 5243150                    /lib/x86_64-linux-gnu/libnss_files-2.28.so
7fdbaec5e000-7fdbaec65000 r-xp 00003000 08:02 5243150                    /lib/x86_64-linux-gnu/libnss_files-2.28.so
7fdbaec65000-7fdbaec68000 r--p 0000a000 08:02 5243150                    /lib/x86_64-linux-gnu/libnss_files-2.28.so
7fdbaec68000-7fdbaec69000 r--p 0000c000 08:02 5243150                    /lib/x86_64-linux-gnu/libnss_files-2.28.so
7fdbaec69000-7fdbaec6a000 rw-p 0000d000 08:02 5243150                    /lib/x86_64-linux-gnu/libnss_files-2.28.so
7fdbaec6a000-7fdbaec70000 rw-p 00000000 00:00 0 
7fdbaec70000-7fdbaec74000 r--p 00000000 08:02 5243147                    /lib/x86_64-linux-gnu/libnsl-2.28.so
7fdbaec74000-7fdbaec80000 r-xp 00004000 08:02 5243147                    /lib/x86_64-linux-gnu/libnsl-2.28.so
7fdbaec80000-7fdbaec85000 r--p 00010000 08:02 5243147                    /lib/x86_64-linux-gnu/libnsl-2.28.so
7fdbaec85000-7fdbaec86000 r--p 00014000 08:02 5243147                    /lib/x86_64-linux-gnu/libnsl-2.28.so
7fdbaec86000-7fdbaec87000 rw-p 00015000 08:02 5243147                    /lib/x86_64-linux-gnu/libnsl-2.28.so
7fdbaec87000-7fdbaec89000 rw-p 00000000 00:00 0 
7fdbaec89000-7fdbaec8b000 r--p 00000000 08:02 5243152                    /lib/x86_64-linux-gnu/libnss_nis-2.28.so
7fdbaec8b000-7fdbaec92000 r-xp 00002000 08:02 5243152                    /lib/x86_64-linux-gnu/libnss_nis-2.28.so
7fdbaec92000-7fdbaec94000 r--p 00009000 08:02 5243152                    /lib/x86_64-linux-gnu/libnss_nis-2.28.so
7fdbaec94000-7fdbaec95000 r--p 0000a000 08:02 5243152                    /lib/x86_64-linux-gnu/libnss_nis-2.28.so
7fdbaec95000-7fdbaec96000 rw-p 0000b000 08:02 5243152                    /lib/x86_64-linux-gnu/libnss_nis-2.28.so
7fdbaec96000-7fdbaec99000 r--s 0000f000 08:02 3022424                    /usr/lib/jvm/java-8-openjdk-amd64/jre/lib/ext/icedtea-sound.jar
7fdbaec99000-7fdbaec9a000 r--s 0000a000 08:02 3022417                    /usr/lib/jvm/java-8-openjdk-amd64/jre/lib/ext/jaccess.jar
7fdbaec9a000-7fdbaec9b000 r--s 00010000 08:02 3022414                    /usr/lib/jvm/java-8-openjdk-amd64/jre/lib/ext/zipfs.jar
7fdbaec9b000-7fdbaeca1000 r--s 0003b000 08:02 3022419                    /usr/lib/jvm/java-8-openjdk-amd64/jre/lib/ext/sunjce_provider.jar
7fdbaeca1000-7fdbaeca3000 r--s 00001000 08:02 3022415                    /usr/lib/jvm/java-8-openjdk-amd64/jre/lib/ext/dnsns.jar
7fdbaeca3000-7fdbaecad000 r--s 00116000 08:02 3022425                    /usr/lib/jvm/java-8-openjdk-amd64/jre/lib/ext/localedata.jar
7fdbaecad000-7fdbaecda000 r-xp 00000000 08:02 3022468                    /usr/lib/jvm/java-8-openjdk-amd64/jre/lib/amd64/libjava.so
7fdbaecda000-7fdbaeed9000 ---p 0002d000 08:02 3022468                    /usr/lib/jvm/java-8-openjdk-amd64/jre/lib/amd64/libjava.so
7fdbaeed9000-7fdbaeeda000 r--p 0002c000 08:02 3022468                    /usr/lib/jvm/java-8-openjdk-amd64/jre/lib/amd64/libjava.so
7fdbaeeda000-7fdbaeedc000 rw-p 0002d000 08:02 3022468                    /usr/lib/jvm/java-8-openjdk-amd64/jre/lib/amd64/libjava.so
7fdbaeedc000-7fdbaeeeb000 r-xp 00000000 08:02 3022472                    /usr/lib/jvm/java-8-openjdk-amd64/jre/lib/amd64/libverify.so
7fdbaeeeb000-7fdbaf0ea000 ---p 0000f000 08:02 3022472                    /usr/lib/jvm/java-8-openjdk-amd64/jre/lib/amd64/libverify.so
7fdbaf0ea000-7fdbaf0ec000 r--p 0000e000 08:02 3022472                    /usr/lib/jvm/java-8-openjdk-amd64/jre/lib/amd64/libverify.so
7fdbaf0ec000-7fdbaf0ed000 rw-p 00010000 08:02 3022472                    /usr/lib/jvm/java-8-openjdk-amd64/jre/lib/amd64/libverify.so
7fdbaf0ed000-7fdbaf0ef000 r--p 00000000 08:02 5243157                    /lib/x86_64-linux-gnu/librt-2.28.so
7fdbaf0ef000-7fdbaf0f3000 r-xp 00002000 08:02 5243157                    /lib/x86_64-linux-gnu/librt-2.28.so
7fdbaf0f3000-7fdbaf0f5000 r--p 00006000 08:02 5243157                    /lib/x86_64-linux-gnu/librt-2.28.so
7fdbaf0f5000-7fdbaf0f6000 r--p 00007000 08:02 5243157                    /lib/x86_64-linux-gnu/librt-2.28.so
7fdbaf0f6000-7fdbaf0f7000 rw-p 00008000 08:02 5243157                    /lib/x86_64-linux-gnu/librt-2.28.so
7fdbaf0f7000-7fdbaf0f8000 ---p 00000000 00:00 0 
7fdbaf0f8000-7fdbaf0fb000 ---p 00000000 00:00 0 
7fdbaf0fb000-7fdbaf1f8000 rw-p 00000000 00:00 0 
7fdbaf1f8000-7fdbaf20e000 r-xp 00000000 08:02 5247785                    /lib/x86_64-linux-gnu/libgcc_s.so.1
7fdbaf20e000-7fdbaf40d000 ---p 00016000 08:02 5247785                    /lib/x86_64-linux-gnu/libgcc_s.so.1
7fdbaf40d000-7fdbaf40e000 rw-p 00015000 08:02 5247785                    /lib/x86_64-linux-gnu/libgcc_s.so.1
7fdbaf40e000-7fdbaf41b000 r--p 00000000 08:02 5243144                    /lib/x86_64-linux-gnu/libm-2.28.so
7fdbaf41b000-7fdbaf4ba000 r-xp 0000d000 08:02 5243144                    /lib/x86_64-linux-gnu/libm-2.28.so
7fdbaf4ba000-7fdbaf58f000 r--p 000ac000 08:02 5243144                    /lib/x86_64-linux-gnu/libm-2.28.so
7fdbaf58f000-7fdbaf590000 r--p 00180000 08:02 5243144                    /lib/x86_64-linux-gnu/libm-2.28.so
7fdbaf590000-7fdbaf591000 rw-p 00181000 08:02 5243144                    /lib/x86_64-linux-gnu/libm-2.28.so
7fdbaf591000-7fdbaf703000 r-xp 00000000 08:02 2884089                    /usr/lib/x86_64-linux-gnu/libstdc++.so.6.0.21
7fdbaf703000-7fdbaf903000 ---p 00172000 08:02 2884089                    /usr/lib/x86_64-linux-gnu/libstdc++.so.6.0.21
7fdbaf903000-7fdbaf90d000 r--p 00172000 08:02 2884089                    /usr/lib/x86_64-linux-gnu/libstdc++.so.6.0.21
7fdbaf90d000-7fdbaf90f000 rw-p 0017c000 08:02 2884089                    /usr/lib/x86_64-linux-gnu/libstdc++.so.6.0.21
7fdbaf90f000-7fdbaf913000 rw-p 00000000 00:00 0 
7fdbaf913000-7fdbb0574000 r-xp 00000000 08:02 3152815                    /usr/lib/jvm/java-8-openjdk-amd64/jre/lib/amd64/server/libjvm.so
7fdbb0574000-7fdbb0774000 ---p 00c61000 08:02 3152815                    /usr/lib/jvm/java-8-openjdk-amd64/jre/lib/amd64/server/libjvm.so
7fdbb0774000-7fdbb0808000 r--p 00c61000 08:02 3152815                    /usr/lib/jvm/java-8-openjdk-amd64/jre/lib/amd64/server/libjvm.so
7fdbb0808000-7fdbb0831000 rw-p 00cf5000 08:02 3152815                    /usr/lib/jvm/java-8-openjdk-amd64/jre/lib/amd64/server/libjvm.so
7fdbb0831000-7fdbb0863000 rw-p 00000000 00:00 0 
7fdbb0863000-7fdbb0869000 r--p 00000000 08:02 5243155                    /lib/x86_64-linux-gnu/libpthread-2.28.so
7fdbb0869000-7fdbb0878000 r-xp 00006000 08:02 5243155                    /lib/x86_64-linux-gnu/libpthread-2.28.so
7fdbb0878000-7fdbb087e000 r--p 00015000 08:02 5243155                    /lib/x86_64-linux-gnu/libpthread-2.28.so
7fdbb087e000-7fdbb087f000 r--p 0001a000 08:02 5243155                    /lib/x86_64-linux-gnu/libpthread-2.28.so
7fdbb087f000-7fdbb0880000 rw-p 0001b000 08:02 5243155                    /lib/x86_64-linux-gnu/libpthread-2.28.so
7fdbb0880000-7fdbb0884000 rw-p 00000000 00:00 0 
7fdbb0884000-7fdbb0885000 r--p 00000000 08:02 5243143                    /lib/x86_64-linux-gnu/libdl-2.28.so
7fdbb0885000-7fdbb0886000 r-xp 00001000 08:02 5243143                    /lib/x86_64-linux-gnu/libdl-2.28.so
7fdbb0886000-7fdbb0887000 r--p 00002000 08:02 5243143                    /lib/x86_64-linux-gnu/libdl-2.28.so
7fdbb0887000-7fdbb0888000 r--p 00002000 08:02 5243143                    /lib/x86_64-linux-gnu/libdl-2.28.so
7fdbb0888000-7fdbb0889000 rw-p 00003000 08:02 5243143                    /lib/x86_64-linux-gnu/libdl-2.28.so
7fdbb0889000-7fdbb08a5000 r-xp 00000000 08:02 5243177                    /lib/x86_64-linux-gnu/libz.so.1.2.11
7fdbb08a5000-7fdbb0aa5000 ---p 0001c000 08:02 5243177                    /lib/x86_64-linux-gnu/libz.so.1.2.11
7fdbb0aa5000-7fdbb0aa6000 r--p 0001c000 08:02 5243177                    /lib/x86_64-linux-gnu/libz.so.1.2.11
7fdbb0aa6000-7fdbb0aa7000 rw-p 0001d000 08:02 5243177                    /lib/x86_64-linux-gnu/libz.so.1.2.11
7fdbb0aa7000-7fdbb0ac9000 r--p 00000000 08:02 5243141                    /lib/x86_64-linux-gnu/libc-2.28.so
7fdbb0ac9000-7fdbb0c11000 r-xp 00022000 08:02 5243141                    /lib/x86_64-linux-gnu/libc-2.28.so
7fdbb0c11000-7fdbb0c5d000 r--p 0016a000 08:02 5243141                    /lib/x86_64-linux-gnu/libc-2.28.so
7fdbb0c5d000-7fdbb0c5e000 ---p 001b6000 08:02 5243141                    /lib/x86_64-linux-gnu/libc-2.28.so
7fdbb0c5e000-7fdbb0c62000 r--p 001b6000 08:02 5243141                    /lib/x86_64-linux-gnu/libc-2.28.so
7fdbb0c62000-7fdbb0c64000 rw-p 001ba000 08:02 5243141                    /lib/x86_64-linux-gnu/libc-2.28.so
7fdbb0c64000-7fdbb0c68000 rw-p 00000000 00:00 0 
7fdbb0c68000-7fdbb0c6a000 r--s 00008000 08:02 3022413                    /usr/lib/jvm/java-8-openjdk-amd64/jre/lib/ext/sunec.jar
7fdbb0c6a000-7fdbb0c72000 rw-s 00000000 08:02 4084803                    /tmp/hsperfdata_mickael/12525
7fdbb0c72000-7fdbb0c74000 r--p 00000000 08:02 5243148                    /lib/x86_64-linux-gnu/libnss_compat-2.28.so
7fdbb0c74000-7fdbb0c79000 r-xp 00002000 08:02 5243148                    /lib/x86_64-linux-gnu/libnss_compat-2.28.so
7fdbb0c79000-7fdbb0c7b000 r--p 00007000 08:02 5243148                    /lib/x86_64-linux-gnu/libnss_compat-2.28.so
7fdbb0c7b000-7fdbb0c7c000 r--p 00008000 08:02 5243148                    /lib/x86_64-linux-gnu/libnss_compat-2.28.so
7fdbb0c7c000-7fdbb0c7d000 rw-p 00009000 08:02 5243148                    /lib/x86_64-linux-gnu/libnss_compat-2.28.so
7fdbb0c7d000-7fdbb0c7e000 rw-p 00000000 00:00 0 
7fdbb0c7e000-7fdbb0c7f000 ---p 00000000 00:00 0 
7fdbb0c7f000-7fdbb0c8c000 r-xp 00000000 08:02 3152810                    /usr/lib/jvm/java-8-openjdk-amd64/jre/lib/amd64/jli/libjli.so
7fdbb0c8c000-7fdbb0e8c000 ---p 0000d000 08:02 3152810                    /usr/lib/jvm/java-8-openjdk-amd64/jre/lib/amd64/jli/libjli.so
7fdbb0e8c000-7fdbb0e8d000 r--p 0000d000 08:02 3152810                    /usr/lib/jvm/java-8-openjdk-amd64/jre/lib/amd64/jli/libjli.so
7fdbb0e8d000-7fdbb0e8e000 rw-p 0000e000 08:02 3152810                    /usr/lib/jvm/java-8-openjdk-amd64/jre/lib/amd64/jli/libjli.so
7fdbb0e8e000-7fdbb0e90000 rw-p 00000000 00:00 0 
7fdbb0e90000-7fdbb0e91000 r--p 00000000 08:02 5243130                    /lib/x86_64-linux-gnu/ld-2.28.so
7fdbb0e91000-7fdbb0eaf000 r-xp 00001000 08:02 5243130                    /lib/x86_64-linux-gnu/ld-2.28.so
7fdbb0eaf000-7fdbb0eb7000 r--p 0001f000 08:02 5243130                    /lib/x86_64-linux-gnu/ld-2.28.so
7fdbb0eb7000-7fdbb0eb8000 r--p 00026000 08:02 5243130                    /lib/x86_64-linux-gnu/ld-2.28.so
7fdbb0eb8000-7fdbb0eb9000 rw-p 00027000 08:02 5243130                    /lib/x86_64-linux-gnu/ld-2.28.so
7fdbb0eb9000-7fdbb0eba000 rw-p 00000000 00:00 0 
7ffde72a8000-7ffde72cc000 rw-p 00000000 00:00 0                          [stack]
7ffde7308000-7ffde730b000 r--p 00000000 00:00 0                          [vvar]
7ffde730b000-7ffde730d000 r-xp 00000000 00:00 0                          [vdso]
ffffffffff600000-ffffffffff601000 r-xp 00000000 00:00 0                  [vsyscall]

VM Arguments:
java_command: org.apache.maven.surefire.booter.ForkedBooter /home/mickael/git/Backend/target/surefire 2019-02-26T15-45-12_281-jvmRun1 surefire2577003751162110192tmp surefire_05832575131214023614tmp
java_class_path (initial): /home/mickael/.m2/repository/org/apache/maven/surefire/surefire-booter/2.20.1/surefire-booter-2.20.1.jar:/home/mickael/.m2/repository/org/apache/maven/surefire/surefire-api/2.20.1/surefire-api-2.20.1.jar:/home/mickael/.m2/repository/org/apache/maven/surefire/surefire-logger-api/2.20.1/surefire-logger-api-2.20.1.jar:/home/mickael/git/Backend/target/test-classes:/home/mickael/git/Backend/target/classes:/home/mickael/.m2/repository/org/springframework/boot/spring-boot-starter-data-mongodb/2.0.0.RELEASE/spring-boot-starter-data-mongodb-2.0.0.RELEASE.jar:/home/mickael/.m2/repository/org/springframework/boot/spring-boot-starter/2.0.0.RELEASE/spring-boot-starter-2.0.0.RELEASE.jar:/home/mickael/.m2/repository/org/springframework/boot/spring-boot/2.0.0.RELEASE/spring-boot-2.0.0.RELEASE.jar:/home/mickael/.m2/repository/org/springframework/boot/spring-boot-autoconfigure/2.0.0.RELEASE/spring-boot-autoconfigure-2.0.0.RELEASE.jar:/home/mickael/.m2/repository/org/springframework/boot/spring-boot-starter-logging/2.0.0.RELEASE/spring-boot-starter-logging-2.0.0.RELEASE.jar:/home/mickael/.m2/repository/ch/qos/logback/logback-classic/1.2.3/logback-classic-1.2.3.jar:/home/mickael/.m2/repository/ch/qos/logback/logback-core/1.2.3/logback-core-1.2.3.jar:/home/mickael/.m2/repository/org/apache/logging/log4j/log4j-to-slf4j/2.10.0/log4j-to-slf4j-2.10.0.jar:/home/mickael/.m2/repository/org/apache/logging/log4j/log4j-api/2.10.0/log4j-api-2.10.0.jar:/home/mickael/.m2/repository/org/slf4j/jul-to-slf4j/1.7.25/jul-to-slf4j-1.7.25.jar:/home/mickael/.m2/repository/javax/annotation/javax.annotation-api/1.3.2/javax.annotation-api-1.3.2.jar:/home/mickael/.m2/repository/org/yaml/snakeyaml/1.19/snakeyaml-1.19.jar:/home/mickael/.m2/repository/org/mongodb/mongodb-driver/3.6.3/mongodb-driver-3.6.3.jar:/home/mickael/.m2/repository/org/mongodb/bson/3.6.3/bson-3.6.3.jar:/home/mickael/.m2/repository/org/mongodb/mongodb-driver-core/3.6.3/mongodb-driver-core-3.6.3.jar:/home/mickael/.m2
Launcher Type: SUN_STANDARD

Environment Variables:
JAVA_HOME=/usr/lib/jvm/java-1.8.0-openjdk-amd64
PATH=/home/mickael/.nvm/versions/node/v10.15.1/bin:/home/mickael/bin:/home/mickael/.local/bin:/usr/local/sbin:/usr/local/bin:/usr/sbin:/usr/bin:/sbin:/bin:/usr/games:/usr/local/games:/snap/bin
USERNAME=mickael
SHELL=/bin/bash
DISPLAY=:1

Signal Handlers:
SIGSEGV: [libjvm.so+0xa74ca0], sa_mask[0]=11111111011111111101111111111110, sa_flags=SA_RESTART|SA_SIGINFO
SIGBUS: [libjvm.so+0xa74ca0], sa_mask[0]=11111111011111111101111111111110, sa_flags=SA_RESTART|SA_SIGINFO
SIGFPE: [libjvm.so+0x8bbcf0], sa_mask[0]=11111111011111111101111111111110, sa_flags=SA_RESTART|SA_SIGINFO
SIGPIPE: [libjvm.so+0x8bbcf0], sa_mask[0]=11111111011111111101111111111110, sa_flags=SA_RESTART|SA_SIGINFO
SIGXFSZ: [libjvm.so+0x8bbcf0], sa_mask[0]=11111111011111111101111111111110, sa_flags=SA_RESTART|SA_SIGINFO
SIGILL: [libjvm.so+0x8bbcf0], sa_mask[0]=11111111011111111101111111111110, sa_flags=SA_RESTART|SA_SIGINFO
SIGUSR1: SIG_DFL, sa_mask[0]=00000000000000000000000000000000, sa_flags=none
SIGUSR2: [libjvm.so+0x8bbba0], sa_mask[0]=00100000000000000000000000000000, sa_flags=SA_RESTART|SA_SIGINFO
SIGHUP: [libjvm.so+0x8bc230], sa_mask[0]=11111111011111111101111111111110, sa_flags=SA_RESTART|SA_SIGINFO
SIGINT: [libjvm.so+0x8bc230], sa_mask[0]=11111111011111111101111111111110, sa_flags=SA_RESTART|SA_SIGINFO
SIGTERM: [libjvm.so+0x8bc230], sa_mask[0]=11111111011111111101111111111110, sa_flags=SA_RESTART|SA_SIGINFO
SIGQUIT: [libjvm.so+0x8bc230], sa_mask[0]=11111111011111111101111111111110, sa_flags=SA_RESTART|SA_SIGINFO


---------------  S Y S T E M  ---------------

OS:DISTRIB_ID=Ubuntu
DISTRIB_RELEASE=16.04
DISTRIB_CODENAME=xenial
DISTRIB_DESCRIPTION="Ubuntu 16.04.5 LTS"

uname:Linux 4.15.0-45-generic #48~16.04.1-Ubuntu SMP Tue Jan 29 18:03:48 UTC 2019 x86_64
libc:glibc 2.28 NPTL 2.28 
rlimit: STACK 8192k, CORE 0k, NPROC 30977, NOFILE 1048576, AS infinity
load average:1,33 0,99 0,94

/proc/meminfo:
MemTotal:        8057112 kB
MemFree:          132808 kB
MemAvailable:      65384 kB
Buffers:            2360 kB
Cached:          1200756 kB
SwapCached:         5508 kB
Active:          6606788 kB
Inactive:         951468 kB
Active(anon):    6578836 kB
Inactive(anon):   915320 kB
Active(file):      27952 kB
Inactive(file):    36148 kB
Unevictable:          96 kB
Mlocked:              96 kB
SwapTotal:        999420 kB
SwapFree:              0 kB
Dirty:                60 kB
Writeback:             0 kB
AnonPages:       6350444 kB
Mapped:           261340 kB
Shmem:           1138724 kB
Slab:             158516 kB
SReclaimable:      80860 kB
SUnreclaim:        77656 kB
KernelStack:       20480 kB
PageTables:       101444 kB
NFS_Unstable:          0 kB
Bounce:                0 kB
WritebackTmp:          0 kB
CommitLimit:     5027976 kB
Committed_AS:   19703616 kB
VmallocTotal:   34359738367 kB
VmallocUsed:           0 kB
VmallocChunk:          0 kB
HardwareCorrupted:     0 kB
AnonHugePages:         0 kB
ShmemHugePages:        0 kB
ShmemPmdMapped:        0 kB
CmaTotal:              0 kB
CmaFree:               0 kB
HugePages_Total:       0
HugePages_Free:        0
HugePages_Rsvd:        0
HugePages_Surp:        0
Hugepagesize:       2048 kB
DirectMap4k:      278000 kB
DirectMap2M:     8001536 kB
DirectMap1G:           0 kB

container (cgroup) information:
container_type: cgroupv1
cpu_cpuset_cpus: 0-3
cpu_memory_nodes: 0
active_processor_count: 4
cpu_quota: -1
cpu_period: 100000
cpu_shares: -1
memory_limit_in_bytes: -1
memory_and_swap_limit_in_bytes: -2
memory_soft_limit_in_bytes: -1
memory_usage_in_bytes: 7735259136
memory_max_usage_in_bytes: 2060288


CPU:total 4 (initial active 4) (4 cores per cpu, 1 threads per core) family 6 model 158 stepping 9, cmov, cx8, fxsr, mmx, sse, sse2, sse3, ssse3, sse4.1, sse4.2, popcnt, avx, avx2, aes, clmul, erms, rtm, 3dnowpref, lzcnt, tsc, tscinvbit, bmi1, bmi2, adx

/proc/cpuinfo:
processor	: 0
vendor_id	: GenuineIntel
cpu family	: 6
model		: 158
model name	: Intel(R) Core(TM) i5-7500 CPU @ 3.40GHz
stepping	: 9
microcode	: 0x8e
cpu MHz		: 3749.741
cache size	: 6144 KB
physical id	: 0
siblings	: 4
core id		: 0
cpu cores	: 4
apicid		: 0
initial apicid	: 0
fpu		: yes
fpu_exception	: yes
cpuid level	: 22
wp		: yes
flags		: fpu vme de pse tsc msr pae mce cx8 apic sep mtrr pge mca cmov pat pse36 clflush dts acpi mmx fxsr sse sse2 ss ht tm pbe syscall nx pdpe1gb rdtscp lm constant_tsc art arch_perfmon pebs bts rep_good nopl xtopology nonstop_tsc cpuid aperfmperf tsc_known_freq pni pclmulqdq dtes64 monitor ds_cpl vmx smx est tm2 ssse3 sdbg fma cx16 xtpr pdcm pcid sse4_1 sse4_2 x2apic movbe popcnt tsc_deadline_timer aes xsave avx f16c rdrand lahf_lm abm 3dnowprefetch cpuid_fault invpcid_single pti ssbd ibrs ibpb stibp tpr_shadow vnmi flexpriority ept vpid fsgsbase tsc_adjust bmi1 hle avx2 smep bmi2 erms invpcid rtm mpx rdseed adx smap clflushopt intel_pt xsaveopt xsavec xgetbv1 xsaves dtherm ida arat pln pts hwp hwp_notify hwp_act_window hwp_epp flush_l1d
bugs		: cpu_meltdown spectre_v1 spectre_v2 spec_store_bypass l1tf
bogomips	: 6816.00
clflush size	: 64
cache_alignment	: 64
address sizes	: 39 bits physical, 48 bits virtual
power management:

processor	: 1
vendor_id	: GenuineIntel
cpu family	: 6
model		: 158
model name	: Intel(R) Core(TM) i5-7500 CPU @ 3.40GHz
stepping	: 9
microcode	: 0x8e
cpu MHz		: 3695.525
cache size	: 6144 KB
physical id	: 0
siblings	: 4
core id		: 1
cpu cores	: 4
apicid		: 2
initial apicid	: 2
fpu		: yes
fpu_exception	: yes
cpuid level	: 22
wp		: yes
flags		: fpu vme de pse tsc msr pae mce cx8 apic sep mtrr pge mca cmov pat pse36 clflush dts acpi mmx fxsr sse sse2 ss ht tm pbe syscall nx pdpe1gb rdtscp lm constant_tsc art arch_perfmon pebs bts rep_good nopl xtopology nonstop_tsc cpuid aperfmperf tsc_known_freq pni pclmulqdq dtes64 monitor ds_cpl vmx smx est tm2 ssse3 sdbg fma cx16 xtpr pdcm pcid sse4_1 sse4_2 x2apic movbe popcnt tsc_deadline_timer aes xsave avx f16c rdrand lahf_lm abm 3dnowprefetch cpuid_fault invpcid_single pti ssbd ibrs ibpb stibp tpr_shadow vnmi flexpriority ept vpid fsgsbase tsc_adjust bmi1 hle avx2 smep bmi2 erms invpcid rtm mpx rdseed adx smap clflushopt intel_pt xsaveopt xsavec xgetbv1 xsaves dtherm ida arat pln pts hwp hwp_notify hwp_act_window hwp_epp flush_l1d
bugs		: cpu_meltdown spectre_v1 spectre_v2 spec_store_bypass l1tf
bogomips	: 6816.00
clflush size	: 64
cache_alignment	: 64
address sizes	: 39 bits physical, 48 bits virtual
power management:

processor	: 2
vendor_id	: GenuineIntel
cpu family	: 6
model		: 158
model name	: Intel(R) Core(TM) i5-7500 CPU @ 3.40GHz
stepping	: 9
microcode	: 0x8e
cpu MHz		: 3689.600
cache size	: 6144 KB
physical id	: 0
siblings	: 4
core id		: 2
cpu cores	: 4
apicid		: 4
initial apicid	: 4
fpu		: yes
fpu_exception	: yes
cpuid level	: 22
wp		: yes
flags		: fpu vme de pse tsc msr pae mce cx8 apic sep mtrr pge mca cmov pat pse36 clflush dts acpi mmx fxsr sse sse2 ss ht tm pbe syscall nx pdpe1gb rdtscp lm constant_tsc art arch_perfmon pebs bts rep_good nopl xtopology nonstop_tsc cpuid aperfmperf tsc_known_freq pni pclmulqdq dtes64 monitor ds_cpl vmx smx est tm2 ssse3 sdbg fma cx16 xtpr pdcm pcid sse4_1 sse4_2 x2apic movbe popcnt tsc_deadline_timer aes xsave avx f16c rdrand lahf_lm abm 3dnowprefetch cpuid_fault invpcid_single pti ssbd ibrs ibpb stibp tpr_shadow vnmi flexpriority ept vpid fsgsbase tsc_adjust bmi1 hle avx2 smep bmi2 erms invpcid rtm mpx rdseed adx smap clflushopt intel_pt xsaveopt xsavec xgetbv1 xsaves dtherm ida arat pln pts hwp hwp_notify hwp_act_window hwp_epp flush_l1d
bugs		: cpu_meltdown spectre_v1 spectre_v2 spec_store_bypass l1tf
bogomips	: 6816.00
clflush size	: 64
cache_alignment	: 64
address sizes	: 39 bits physical, 48 bits virtual
power management:

processor	: 3
vendor_id	: GenuineIntel
cpu family	: 6
model		: 158
model name	: Intel(R) Core(TM) i5-7500 CPU @ 3.40GHz
stepping	: 9
microcode	: 0x8e
cpu MHz		: 3696.647
cache size	: 6144 KB
physical id	: 0
siblings	: 4
core id		: 3
cpu cores	: 4
apicid		: 6
initial apicid	: 6
fpu		: yes
fpu_exception	: yes
cpuid level	: 22
wp		: yes
flags		: fpu vme de pse tsc msr pae mce cx8 apic sep mtrr pge mca cmov pat pse36 clflush dts acpi mmx fxsr sse sse2 ss ht tm pbe syscall nx pdpe1gb rdtscp lm constant_tsc art arch_perfmon pebs bts rep_good nopl xtopology nonstop_tsc cpuid aperfmperf tsc_known_freq pni pclmulqdq dtes64 monitor ds_cpl vmx smx est tm2 ssse3 sdbg fma cx16 xtpr pdcm pcid sse4_1 sse4_2 x2apic movbe popcnt tsc_deadline_timer aes xsave avx f16c rdrand lahf_lm abm 3dnowprefetch cpuid_fault invpcid_single pti ssbd ibrs ibpb stibp tpr_shadow vnmi flexpriority ept vpid fsgsbase tsc_adjust bmi1 hle avx2 smep bmi2 erms invpcid rtm mpx rdseed adx smap clflushopt intel_pt xsaveopt xsavec xgetbv1 xsaves dtherm ida arat pln pts hwp hwp_notify hwp_act_window hwp_epp flush_l1d
bugs		: cpu_meltdown spectre_v1 spectre_v2 spec_store_bypass l1tf
bogomips	: 6816.00
clflush size	: 64
cache_alignment	: 64
address sizes	: 39 bits physical, 48 bits virtual
power management:



Memory: 4k page, physical 8057112k(137848k free), swap 999420k(0k free)

vm_info: OpenJDK 64-Bit Server VM (25.191-b12) for linux-amd64 JRE (1.8.0_191-8u191-b12-2ubuntu0.16.04.1-b12), built on Jan 14 2019 21:59:52 by "buildd" with gcc 5.4.0 20160609

time: Tue Feb 26 15:45:15 2019
elapsed time: 2 seconds (0d 0h 0m 2s)

